2022-06-08 01:38:40,417 [Worker-6] INFO  o.e.m.c.i.l.LifecycleMappingFactory - Using NULL lifecycle mapping for MavenProject: com.webshop:webshop-parent:0.0.1-SNAPSHOT @ H:\webshop\webshop-parent\pom.xml.
2022-06-08 01:39:12,308 [Worker-18] INFO  o.e.m.c.i.l.LifecycleMappingFactory - Using NULL lifecycle mapping for MavenProject: com.taotao:taotao-parent:0.0.1-SNAPSHOT @ H:\webshop\webshop-parent\pom.xml.
2022-06-08 01:39:21,114 [Worker-16] INFO  o.e.m.c.i.l.LifecycleMappingFactory - Using NULL lifecycle mapping for MavenProject: com.webshop:webshop-parent:0.0.1-SNAPSHOT @ H:\webshop\webshop-parent\pom.xml.
2022-06-08 01:40:03,511 [Worker-12] INFO  o.e.m.c.i.l.LifecycleMappingFactory - Using NULL lifecycle mapping for MavenProject: com.webshop:webshop-manager:0.0.1-SNAPSHOT @ H:\webshop\webshop-manager\pom.xml.
2022-06-08 01:40:27,087 [Worker-7] INFO  o.e.m.c.i.l.LifecycleMappingFactory - Using org.eclipse.m2e.jdt.JarLifecycleMapping lifecycle mapping for MavenProject: com.webshop:webshop-service:0.0.1-SNAPSHOT @ H:\webshop\webshop-service\pom.xml.
2022-06-08 01:40:27,687 [Worker-7] INFO  o.e.m.j.i.AbstractJavaProjectConfigurator - Adding source folder /webshop-service/src/main/java
2022-06-08 01:40:27,688 [Worker-7] INFO  o.e.m.j.i.AbstractJavaProjectConfigurator - Adding resource folder /webshop-service/src/main/resources
2022-06-08 01:40:27,689 [Worker-7] INFO  o.e.m.j.i.AbstractJavaProjectConfigurator - Adding source folder /webshop-service/src/test/java
2022-06-08 01:40:27,689 [Worker-7] INFO  o.e.m.j.i.AbstractJavaProjectConfigurator - Adding resource folder /webshop-service/src/test/resources
2022-06-08 01:40:28,752 [Worker-11] WARN  o.e.m.c.i.embedder.EclipseLogger - Using platform encoding (GBK actually) to copy filtered resources, i.e. build is platform dependent!
2022-06-08 01:40:28,756 [Worker-11] INFO  o.e.m.c.i.embedder.EclipseLogger - Copying 0 resource
2022-06-08 01:40:28,757 [Worker-11] WARN  o.e.m.c.i.embedder.EclipseLogger - Using platform encoding (GBK actually) to copy filtered resources, i.e. build is platform dependent!
2022-06-08 01:40:28,758 [Worker-11] INFO  o.e.m.c.i.embedder.EclipseLogger - Copying 0 resource
2022-06-08 01:40:54,776 [Worker-6] INFO  o.e.m.c.i.l.LifecycleMappingFactory - Using org.eclipse.m2e.jdt.JarLifecycleMapping lifecycle mapping for MavenProject: com.webshop:webshop-mapper:0.0.1-SNAPSHOT @ H:\webshop\webshop-mapper\pom.xml.
2022-06-08 01:40:54,810 [Worker-6] INFO  o.e.m.j.i.AbstractJavaProjectConfigurator - Adding source folder /webshop-mapper/src/main/java
2022-06-08 01:40:54,810 [Worker-6] INFO  o.e.m.j.i.AbstractJavaProjectConfigurator - Adding resource folder /webshop-mapper/src/main/resources
2022-06-08 01:40:54,810 [Worker-6] INFO  o.e.m.j.i.AbstractJavaProjectConfigurator - Adding source folder /webshop-mapper/src/test/java
2022-06-08 01:40:54,810 [Worker-6] INFO  o.e.m.j.i.AbstractJavaProjectConfigurator - Adding resource folder /webshop-mapper/src/test/resources
2022-06-08 01:40:55,138 [Worker-17] WARN  o.e.m.c.i.embedder.EclipseLogger - Using platform encoding (GBK actually) to copy filtered resources, i.e. build is platform dependent!
2022-06-08 01:40:55,139 [Worker-17] INFO  o.e.m.c.i.embedder.EclipseLogger - Copying 0 resource
2022-06-08 01:40:55,140 [Worker-17] WARN  o.e.m.c.i.embedder.EclipseLogger - Using platform encoding (GBK actually) to copy filtered resources, i.e. build is platform dependent!
2022-06-08 01:40:55,140 [Worker-17] INFO  o.e.m.c.i.embedder.EclipseLogger - Copying 0 resource
2022-06-08 01:41:18,822 [Worker-7] INFO  o.e.m.c.i.l.LifecycleMappingFactory - Using org.eclipse.m2e.jdt.JarLifecycleMapping lifecycle mapping for MavenProject: com.webshop:webshop-manager-mapper:0.0.1-SNAPSHOT @ H:\webshop\webshop-manager-mapper\pom.xml.
2022-06-08 01:41:18,858 [Worker-7] INFO  o.e.m.j.i.AbstractJavaProjectConfigurator - Adding source folder /webshop-manager-mapper/src/main/java
2022-06-08 01:41:18,858 [Worker-7] INFO  o.e.m.j.i.AbstractJavaProjectConfigurator - Adding resource folder /webshop-manager-mapper/src/main/resources
2022-06-08 01:41:18,858 [Worker-7] INFO  o.e.m.j.i.AbstractJavaProjectConfigurator - Adding source folder /webshop-manager-mapper/src/test/java
2022-06-08 01:41:18,858 [Worker-7] INFO  o.e.m.j.i.AbstractJavaProjectConfigurator - Adding resource folder /webshop-manager-mapper/src/test/resources
2022-06-08 01:41:19,213 [Worker-14] WARN  o.e.m.c.i.embedder.EclipseLogger - Using platform encoding (GBK actually) to copy filtered resources, i.e. build is platform dependent!
2022-06-08 01:41:19,214 [Worker-14] INFO  o.e.m.c.i.embedder.EclipseLogger - Copying 0 resource
2022-06-08 01:41:19,215 [Worker-14] WARN  o.e.m.c.i.embedder.EclipseLogger - Using platform encoding (GBK actually) to copy filtered resources, i.e. build is platform dependent!
2022-06-08 01:41:19,216 [Worker-14] INFO  o.e.m.c.i.embedder.EclipseLogger - Copying 0 resource
2022-06-08 01:41:36,647 [Worker-17] INFO  o.e.m.c.i.l.LifecycleMappingFactory - Using org.eclipse.m2e.jdt.JarLifecycleMapping lifecycle mapping for MavenProject: com.webshop:webshop-manager-servoce:0.0.1-SNAPSHOT @ H:\webshop\webshop-manager-servoce\pom.xml.
2022-06-08 01:41:36,705 [Worker-17] INFO  o.e.m.j.i.AbstractJavaProjectConfigurator - Adding source folder /webshop-manager-servoce/src/main/java
2022-06-08 01:41:36,705 [Worker-17] INFO  o.e.m.j.i.AbstractJavaProjectConfigurator - Adding resource folder /webshop-manager-servoce/src/main/resources
2022-06-08 01:41:36,706 [Worker-17] INFO  o.e.m.j.i.AbstractJavaProjectConfigurator - Adding source folder /webshop-manager-servoce/src/test/java
2022-06-08 01:41:36,706 [Worker-17] INFO  o.e.m.j.i.AbstractJavaProjectConfigurator - Adding resource folder /webshop-manager-servoce/src/test/resources
2022-06-08 01:41:36,979 [Worker-0] WARN  o.e.m.c.i.embedder.EclipseLogger - Using platform encoding (GBK actually) to copy filtered resources, i.e. build is platform dependent!
2022-06-08 01:41:36,980 [Worker-0] INFO  o.e.m.c.i.embedder.EclipseLogger - Copying 0 resource
2022-06-08 01:41:36,981 [Worker-0] WARN  o.e.m.c.i.embedder.EclipseLogger - Using platform encoding (GBK actually) to copy filtered resources, i.e. build is platform dependent!
2022-06-08 01:41:36,981 [Worker-0] INFO  o.e.m.c.i.embedder.EclipseLogger - Copying 0 resource
2022-06-08 01:41:43,399 [Worker-12] INFO  o.e.m.c.i.l.LifecycleMappingFactory - Using org.eclipse.m2e.jdt.JarLifecycleMapping lifecycle mapping for MavenProject: com.webshop:webshop-manager-servoce:0.0.1-SNAPSHOT @ H:\webshop\webshop-manager-service\pom.xml.
2022-06-08 01:41:43,437 [Worker-12] WARN  o.e.m.c.i.embedder.EclipseLogger - Using platform encoding (GBK actually) to copy filtered resources, i.e. build is platform dependent!
2022-06-08 01:41:43,438 [Worker-12] INFO  o.e.m.c.i.embedder.EclipseLogger - Copying 0 resource
2022-06-08 01:41:43,439 [Worker-12] WARN  o.e.m.c.i.embedder.EclipseLogger - Using platform encoding (GBK actually) to copy filtered resources, i.e. build is platform dependent!
2022-06-08 01:41:43,439 [Worker-12] INFO  o.e.m.c.i.embedder.EclipseLogger - Copying 0 resource
2022-06-08 01:42:02,733 [Worker-14] INFO  o.e.m.c.i.l.LifecycleMappingFactory - Using org.eclipse.m2e.jdt.JarLifecycleMapping lifecycle mapping for MavenProject: com.webshop:webshop-manager-pojo:0.0.1-SNAPSHOT @ H:\webshop\webshop-manager-pojo\pom.xml.
2022-06-08 01:42:02,764 [Worker-14] INFO  o.e.m.j.i.AbstractJavaProjectConfigurator - Adding source folder /webshop-manager-pojo/src/main/java
2022-06-08 01:42:02,764 [Worker-14] INFO  o.e.m.j.i.AbstractJavaProjectConfigurator - Adding resource folder /webshop-manager-pojo/src/main/resources
2022-06-08 01:42:02,764 [Worker-14] INFO  o.e.m.j.i.AbstractJavaProjectConfigurator - Adding source folder /webshop-manager-pojo/src/test/java
2022-06-08 01:42:02,764 [Worker-14] INFO  o.e.m.j.i.AbstractJavaProjectConfigurator - Adding resource folder /webshop-manager-pojo/src/test/resources
2022-06-08 01:42:03,097 [Worker-0] WARN  o.e.m.c.i.embedder.EclipseLogger - Using platform encoding (GBK actually) to copy filtered resources, i.e. build is platform dependent!
2022-06-08 01:42:03,097 [Worker-0] INFO  o.e.m.c.i.embedder.EclipseLogger - Copying 0 resource
2022-06-08 01:42:03,098 [Worker-0] WARN  o.e.m.c.i.embedder.EclipseLogger - Using platform encoding (GBK actually) to copy filtered resources, i.e. build is platform dependent!
2022-06-08 01:42:03,098 [Worker-0] INFO  o.e.m.c.i.embedder.EclipseLogger - Copying 0 resource
2022-06-08 01:42:17,558 [Worker-8] INFO  o.e.m.c.i.l.LifecycleMappingFactory - Using org.maven.ide.eclipse.wtp.WarLifecycleMapping lifecycle mapping for MavenProject: com.webshop:webshop-manager-web:0.0.1-SNAPSHOT @ H:\webshop\webshop-manager-web\pom.xml.
2022-06-08 01:42:18,071 [Worker-8] INFO  o.e.m.j.i.AbstractJavaProjectConfigurator - Adding source folder /webshop-manager-web/src/main/java
2022-06-08 01:42:18,071 [Worker-8] INFO  o.e.m.j.i.AbstractJavaProjectConfigurator - Adding resource folder /webshop-manager-web/src/main/resources
2022-06-08 01:42:18,071 [Worker-8] INFO  o.e.m.j.i.AbstractJavaProjectConfigurator - Adding source folder /webshop-manager-web/src/test/java
2022-06-08 01:42:18,071 [Worker-8] INFO  o.e.m.j.i.AbstractJavaProjectConfigurator - Adding resource folder /webshop-manager-web/src/test/resources
2022-06-08 01:42:19,225 [Worker-16] WARN  o.e.m.c.i.embedder.EclipseLogger - Using platform encoding (GBK actually) to copy filtered resources, i.e. build is platform dependent!
2022-06-08 01:42:19,226 [Worker-16] INFO  o.e.m.c.i.embedder.EclipseLogger - Copying 0 resource
2022-06-08 01:42:19,227 [Worker-16] WARN  o.e.m.c.i.embedder.EclipseLogger - Using platform encoding (GBK actually) to copy filtered resources, i.e. build is platform dependent!
2022-06-08 01:42:19,228 [Worker-16] INFO  o.e.m.c.i.embedder.EclipseLogger - Copying 0 resource
2022-06-08 01:42:20,312 [Worker-19] WARN  o.e.m.c.i.embedder.EclipseLogger - Using platform encoding (GBK actually) to copy filtered resources, i.e. build is platform dependent!
2022-06-08 01:42:20,314 [Worker-19] INFO  o.e.m.c.i.embedder.EclipseLogger - Copying 0 resource
2022-06-08 01:42:20,315 [Worker-19] WARN  o.e.m.c.i.embedder.EclipseLogger - Using platform encoding (GBK actually) to copy filtered resources, i.e. build is platform dependent!
2022-06-08 01:42:20,316 [Worker-19] INFO  o.e.m.c.i.embedder.EclipseLogger - Copying 0 resource
2022-06-08 01:42:46,191 [Worker-10] WARN  o.e.m.c.i.embedder.EclipseLogger - Using platform encoding (GBK actually) to copy filtered resources, i.e. build is platform dependent!
2022-06-08 01:42:46,192 [Worker-10] INFO  o.e.m.c.i.embedder.EclipseLogger - Copying 0 resource
2022-06-08 01:42:46,193 [Worker-10] WARN  o.e.m.c.i.embedder.EclipseLogger - Using platform encoding (GBK actually) to copy filtered resources, i.e. build is platform dependent!
2022-06-08 01:42:46,193 [Worker-10] INFO  o.e.m.c.i.embedder.EclipseLogger - Copying 0 resource
2022-06-08 01:43:20,353 [Worker-16] WARN  o.e.m.c.i.embedder.EclipseLogger - Using platform encoding (GBK actually) to copy filtered resources, i.e. build is platform dependent!
2022-06-08 01:43:20,354 [Worker-16] INFO  o.e.m.c.i.embedder.EclipseLogger - Copying 0 resource
2022-06-08 01:43:20,354 [Worker-16] WARN  o.e.m.c.i.embedder.EclipseLogger - Using platform encoding (GBK actually) to copy filtered resources, i.e. build is platform dependent!
2022-06-08 01:43:20,355 [Worker-16] INFO  o.e.m.c.i.embedder.EclipseLogger - Copying 0 resource
2022-06-08 01:43:42,211 [Worker-19] INFO  o.e.m.c.i.l.LifecycleMappingFactory - Using NULL lifecycle mapping for MavenProject: com.webshop:webshop-manager-mapper:0.0.1-SNAPSHOT @ H:\webshop\webshop-manager-mapper\pom.xml.
2022-06-08 01:44:08,571 [Worker-9] INFO  o.e.m.c.i.l.LifecycleMappingFactory - Using org.eclipse.m2e.jdt.JarLifecycleMapping lifecycle mapping for MavenProject: com.webshop:webshop-manager-mapper:0.0.1-SNAPSHOT @ H:\webshop\webshop-manager-mapper\pom.xml.
2022-06-08 01:44:08,618 [Worker-9] WARN  o.e.m.c.i.embedder.EclipseLogger - Using platform encoding (GBK actually) to copy filtered resources, i.e. build is platform dependent!
2022-06-08 01:44:08,619 [Worker-9] INFO  o.e.m.c.i.embedder.EclipseLogger - Copying 0 resource
2022-06-08 01:44:08,620 [Worker-9] WARN  o.e.m.c.i.embedder.EclipseLogger - Using platform encoding (GBK actually) to copy filtered resources, i.e. build is platform dependent!
2022-06-08 01:44:08,620 [Worker-9] INFO  o.e.m.c.i.embedder.EclipseLogger - Copying 0 resource
2022-06-08 01:45:12,356 [Worker-12] INFO  o.e.m.c.i.l.LifecycleMappingFactory - Using NULL lifecycle mapping for MavenProject: com.webshop:webshop-manager:0.0.1-SNAPSHOT @ H:\webshop\webshop-manager\pom.xml.
2022-06-08 01:45:42,701 [Worker-16] INFO  o.e.m.c.i.l.LifecycleMappingFactory - Using NULL lifecycle mapping for MavenProject: com.webshop:webshop-manager:0.0.1-SNAPSHOT @ H:\webshop\webshop-manager\pom.xml.
2022-06-08 01:46:08,733 [Worker-7] INFO  o.e.m.c.i.l.LifecycleMappingFactory - Using NULL lifecycle mapping for MavenProject: com.webshop:webshop-manager:0.0.1-SNAPSHOT @ H:\webshop\webshop-manager\pom.xml.
2022-06-08 01:47:24,934 [Worker-0] INFO  o.e.m.c.i.l.LifecycleMappingFactory - Using NULL lifecycle mapping for MavenProject: com.webshop:webshop-manager:0.0.1-SNAPSHOT @ H:\webshop\webshop-manager\pom.xml.
2022-06-08 01:48:43,945 [Worker-15] INFO  o.e.m.c.i.l.LifecycleMappingFactory - Using org.eclipse.m2e.jdt.JarLifecycleMapping lifecycle mapping for MavenProject: com.webshop:webshop-manager-servoce:0.0.1-SNAPSHOT @ H:\webshop\webshop-manager-service\pom.xml.
2022-06-08 01:48:44,200 [Worker-15] INFO  o.e.m.c.i.embedder.EclipseLogger - Using 'UTF-8' encoding to copy filtered resources.
2022-06-08 01:48:44,203 [Worker-15] INFO  o.e.m.c.i.embedder.EclipseLogger - Copying 0 resource
2022-06-08 01:48:44,205 [Worker-15] INFO  o.e.m.c.i.embedder.EclipseLogger - Using 'UTF-8' encoding to copy filtered resources.
2022-06-08 01:48:44,205 [Worker-15] INFO  o.e.m.c.i.embedder.EclipseLogger - Copying 0 resource
2022-06-08 01:49:36,424 [Worker-0] INFO  o.e.m.c.i.l.LifecycleMappingFactory - Using org.eclipse.m2e.jdt.JarLifecycleMapping lifecycle mapping for MavenProject: com.webshop:webshop-manager-mapper:0.0.1-SNAPSHOT @ H:\webshop\webshop-manager-mapper\pom.xml.
2022-06-08 01:49:36,469 [Worker-0] INFO  o.e.m.c.i.embedder.EclipseLogger - Using 'UTF-8' encoding to copy filtered resources.
2022-06-08 01:49:36,469 [Worker-0] INFO  o.e.m.c.i.embedder.EclipseLogger - Copying 0 resource
2022-06-08 01:49:36,470 [Worker-0] INFO  o.e.m.c.i.embedder.EclipseLogger - Using 'UTF-8' encoding to copy filtered resources.
2022-06-08 01:49:36,470 [Worker-0] INFO  o.e.m.c.i.embedder.EclipseLogger - Copying 0 resource
2022-06-08 01:49:37,596 [Worker-13] INFO  o.e.m.c.i.embedder.EclipseLogger - Using 'UTF-8' encoding to copy filtered resources.
2022-06-08 01:49:37,598 [Worker-13] INFO  o.e.m.c.i.embedder.EclipseLogger - Copying 0 resource
2022-06-08 01:49:37,599 [Worker-13] INFO  o.e.m.c.i.embedder.EclipseLogger - Using 'UTF-8' encoding to copy filtered resources.
2022-06-08 01:49:37,599 [Worker-13] INFO  o.e.m.c.i.embedder.EclipseLogger - Copying 0 resource
2022-06-08 01:49:54,576 [Worker-15] INFO  o.e.m.c.i.l.LifecycleMappingFactory - Using org.maven.ide.eclipse.wtp.WarLifecycleMapping lifecycle mapping for MavenProject: com.webshop:webshop-manager-web:0.0.1-SNAPSHOT @ H:\webshop\webshop-manager-web\pom.xml.
2022-06-08 01:49:55,056 [Worker-15] WARN  o.e.m.c.i.embedder.EclipseLogger - Using platform encoding (GBK actually) to copy filtered resources, i.e. build is platform dependent!
2022-06-08 01:49:55,056 [Worker-15] INFO  o.e.m.c.i.embedder.EclipseLogger - Copying 0 resource
2022-06-08 01:49:55,057 [Worker-15] WARN  o.e.m.c.i.embedder.EclipseLogger - Using platform encoding (GBK actually) to copy filtered resources, i.e. build is platform dependent!
2022-06-08 01:49:55,058 [Worker-15] INFO  o.e.m.c.i.embedder.EclipseLogger - Copying 0 resource
2022-06-08 01:49:55,058 [Worker-15] INFO  o.e.m.w.i.f.ResourceFilteringBuildParticipant - Changed resources require a complete clean of filtered resources of webshop-manager-web
2022-06-08 01:49:55,059 [Worker-15] INFO  o.e.m.w.i.f.ResourceFilteringBuildParticipant - Executing resource filtering for webshop-manager-web
2022-06-08 01:49:55,062 [Worker-15] WARN  o.e.m.c.i.embedder.EclipseLogger - Using platform encoding (GBK actually) to copy filtered resources, i.e. build is platform dependent!
2022-06-08 01:50:16,128 [Worker-17] WARN  o.e.m.c.i.embedder.EclipseLogger - The POM for com.webshop:webshop-manager-service:jar:0.0.1-SNAPSHOT is missing, no dependency information available
2022-06-08 01:50:16,347 [Worker-15] INFO  o.e.m.c.i.l.LifecycleMappingFactory - Using org.maven.ide.eclipse.wtp.WarLifecycleMapping lifecycle mapping for MavenProject: com.webshop:webshop-manager-web:0.0.1-SNAPSHOT @ H:\webshop\webshop-manager-web\pom.xml.
2022-06-08 01:50:16,355 [Worker-15] WARN  o.e.m.c.i.embedder.EclipseLogger - The POM for com.webshop:webshop-manager-service:jar:0.0.1-SNAPSHOT is missing, no dependency information available
2022-06-08 01:50:16,850 [Worker-15] WARN  o.e.m.c.i.embedder.EclipseLogger - The POM for com.webshop:webshop-manager-service:jar:0.0.1-SNAPSHOT is missing, no dependency information available
2022-06-08 01:50:16,883 [Worker-15] INFO  o.e.m.c.i.embedder.EclipseLogger - Using 'UTF-8' encoding to copy filtered resources.
2022-06-08 01:50:16,883 [Worker-15] INFO  o.e.m.c.i.embedder.EclipseLogger - Copying 0 resource
2022-06-08 01:50:16,884 [Worker-15] INFO  o.e.m.c.i.embedder.EclipseLogger - Using 'UTF-8' encoding to copy filtered resources.
2022-06-08 01:50:16,884 [Worker-15] INFO  o.e.m.c.i.embedder.EclipseLogger - Copying 0 resource
2022-06-08 01:50:16,884 [Worker-15] INFO  o.e.m.w.i.f.ResourceFilteringBuildParticipant - Changed resources require a complete clean of filtered resources of webshop-manager-web
2022-06-08 01:50:16,884 [Worker-15] INFO  o.e.m.w.i.f.ResourceFilteringBuildParticipant - Executing resource filtering for webshop-manager-web
2022-06-08 01:50:16,887 [Worker-15] INFO  o.e.m.c.i.embedder.EclipseLogger - Using 'UTF-8' encoding to copy filtered resources.
2022-06-08 01:50:19,752 [Worker-23] INFO  o.e.m.c.i.l.LifecycleMappingFactory - Using org.eclipse.m2e.jdt.JarLifecycleMapping lifecycle mapping for MavenProject: com.webshop:webshop-manager-servoce:0.0.1-SNAPSHOT @ H:\webshop\webshop-manager-service\pom.xml.
2022-06-08 01:50:19,776 [Worker-23] INFO  o.e.m.c.i.embedder.EclipseLogger - Using 'UTF-8' encoding to copy filtered resources.
2022-06-08 01:50:19,776 [Worker-23] INFO  o.e.m.c.i.embedder.EclipseLogger - Copying 0 resource
2022-06-08 01:50:19,777 [Worker-23] INFO  o.e.m.c.i.embedder.EclipseLogger - Using 'UTF-8' encoding to copy filtered resources.
2022-06-08 01:50:19,777 [Worker-23] INFO  o.e.m.c.i.embedder.EclipseLogger - Copying 0 resource
2022-06-08 01:50:20,913 [Worker-0] INFO  o.e.m.c.i.embedder.EclipseLogger - Using 'UTF-8' encoding to copy filtered resources.
2022-06-08 01:50:20,914 [Worker-0] INFO  o.e.m.c.i.embedder.EclipseLogger - Copying 0 resource
2022-06-08 01:50:20,914 [Worker-0] INFO  o.e.m.c.i.embedder.EclipseLogger - Using 'UTF-8' encoding to copy filtered resources.
2022-06-08 01:50:20,914 [Worker-0] INFO  o.e.m.c.i.embedder.EclipseLogger - Copying 0 resource
2022-06-08 01:50:36,726 [Worker-15] WARN  o.e.m.c.i.embedder.EclipseLogger - The POM for com.webshop:webshop-manager-service:jar:0.0.1-SNAPSHOT is missing, no dependency information available
2022-06-08 01:50:36,729 [Worker-15] INFO  o.e.m.w.i.f.ResourceFilteringBuildParticipant - Cleaning filtered folder for webshop-manager-web
2022-06-08 01:50:36,906 [Worker-20] WARN  o.e.m.c.i.embedder.EclipseLogger - Using platform encoding (GBK actually) to copy filtered resources, i.e. build is platform dependent!
2022-06-08 01:50:36,906 [Worker-20] INFO  o.e.m.c.i.embedder.EclipseLogger - Copying 0 resource
2022-06-08 01:50:36,907 [Worker-20] WARN  o.e.m.c.i.embedder.EclipseLogger - Using platform encoding (GBK actually) to copy filtered resources, i.e. build is platform dependent!
2022-06-08 01:50:36,907 [Worker-20] INFO  o.e.m.c.i.embedder.EclipseLogger - Copying 0 resource
2022-06-08 01:50:37,434 [Worker-20] INFO  o.e.m.c.i.embedder.EclipseLogger - Using 'UTF-8' encoding to copy filtered resources.
2022-06-08 01:50:37,434 [Worker-20] INFO  o.e.m.c.i.embedder.EclipseLogger - Copying 0 resource
2022-06-08 01:50:37,435 [Worker-20] INFO  o.e.m.c.i.embedder.EclipseLogger - Using 'UTF-8' encoding to copy filtered resources.
2022-06-08 01:50:37,435 [Worker-20] INFO  o.e.m.c.i.embedder.EclipseLogger - Copying 0 resource
2022-06-08 01:50:37,473 [Worker-20] INFO  o.e.m.c.i.embedder.EclipseLogger - Using 'UTF-8' encoding to copy filtered resources.
2022-06-08 01:50:37,473 [Worker-20] INFO  o.e.m.c.i.embedder.EclipseLogger - Copying 0 resource
2022-06-08 01:50:37,474 [Worker-20] INFO  o.e.m.c.i.embedder.EclipseLogger - Using 'UTF-8' encoding to copy filtered resources.
2022-06-08 01:50:37,474 [Worker-20] INFO  o.e.m.c.i.embedder.EclipseLogger - Copying 0 resource
2022-06-08 01:50:37,507 [Worker-20] WARN  o.e.m.c.i.embedder.EclipseLogger - The POM for com.webshop:webshop-manager-service:jar:0.0.1-SNAPSHOT is missing, no dependency information available
2022-06-08 01:50:37,511 [Worker-20] INFO  o.e.m.c.i.embedder.EclipseLogger - Using 'UTF-8' encoding to copy filtered resources.
2022-06-08 01:50:37,511 [Worker-20] INFO  o.e.m.c.i.embedder.EclipseLogger - Copying 0 resource
2022-06-08 01:50:37,512 [Worker-20] INFO  o.e.m.c.i.embedder.EclipseLogger - Using 'UTF-8' encoding to copy filtered resources.
2022-06-08 01:50:37,512 [Worker-20] INFO  o.e.m.c.i.embedder.EclipseLogger - Copying 0 resource
2022-06-08 01:50:37,512 [Worker-20] INFO  o.e.m.w.i.f.ResourceFilteringBuildParticipant - Changed resources require a complete clean of filtered resources of webshop-manager-web
2022-06-08 01:50:37,512 [Worker-20] INFO  o.e.m.w.i.f.ResourceFilteringBuildParticipant - Executing resource filtering for webshop-manager-web
2022-06-08 01:50:37,515 [Worker-20] INFO  o.e.m.c.i.embedder.EclipseLogger - Using 'UTF-8' encoding to copy filtered resources.
2022-06-08 01:51:43,090 [Worker-17] INFO  o.e.m.c.i.l.LifecycleMappingFactory - Using org.eclipse.m2e.jdt.JarLifecycleMapping lifecycle mapping for MavenProject: com.webshop:webshop-manager-service:0.0.1-SNAPSHOT @ H:\webshop\webshop-manager-service\pom.xml.
2022-06-08 01:51:43,159 [Worker-17] INFO  o.e.m.c.i.l.LifecycleMappingFactory - Using org.maven.ide.eclipse.wtp.WarLifecycleMapping lifecycle mapping for MavenProject: com.webshop:webshop-manager-web:0.0.1-SNAPSHOT @ H:\webshop\webshop-manager-web\pom.xml.
2022-06-08 01:51:43,510 [Worker-17] INFO  o.e.m.c.i.embedder.EclipseLogger - Using 'UTF-8' encoding to copy filtered resources.
2022-06-08 01:51:43,514 [Worker-17] INFO  o.e.m.c.i.embedder.EclipseLogger - Copying 0 resource
2022-06-08 01:51:43,515 [Worker-17] INFO  o.e.m.c.i.embedder.EclipseLogger - Using 'UTF-8' encoding to copy filtered resources.
2022-06-08 01:51:43,515 [Worker-17] INFO  o.e.m.c.i.embedder.EclipseLogger - Copying 0 resource
2022-06-08 01:51:43,575 [Worker-17] INFO  o.e.m.c.i.embedder.EclipseLogger - Using 'UTF-8' encoding to copy filtered resources.
2022-06-08 01:51:43,576 [Worker-17] INFO  o.e.m.c.i.embedder.EclipseLogger - Copying 0 resource
2022-06-08 01:51:43,576 [Worker-17] INFO  o.e.m.c.i.embedder.EclipseLogger - Using 'UTF-8' encoding to copy filtered resources.
2022-06-08 01:51:43,576 [Worker-17] INFO  o.e.m.c.i.embedder.EclipseLogger - Copying 0 resource
2022-06-08 01:51:44,591 [Worker-0] WARN  o.e.m.c.i.embedder.EclipseLogger - Using platform encoding (GBK actually) to copy filtered resources, i.e. build is platform dependent!
2022-06-08 01:51:44,592 [Worker-0] INFO  o.e.m.c.i.embedder.EclipseLogger - Copying 0 resource
2022-06-08 01:51:44,592 [Worker-0] WARN  o.e.m.c.i.embedder.EclipseLogger - Using platform encoding (GBK actually) to copy filtered resources, i.e. build is platform dependent!
2022-06-08 01:51:44,592 [Worker-0] INFO  o.e.m.c.i.embedder.EclipseLogger - Copying 0 resource
2022-06-08 01:51:44,599 [Worker-0] INFO  o.e.m.c.i.embedder.EclipseLogger - Using 'UTF-8' encoding to copy filtered resources.
2022-06-08 01:51:44,599 [Worker-0] INFO  o.e.m.c.i.embedder.EclipseLogger - Copying 0 resource
2022-06-08 01:51:44,600 [Worker-0] INFO  o.e.m.c.i.embedder.EclipseLogger - Using 'UTF-8' encoding to copy filtered resources.
2022-06-08 01:51:44,600 [Worker-0] INFO  o.e.m.c.i.embedder.EclipseLogger - Copying 0 resource
2022-06-08 01:51:59,839 [Worker-17] INFO  o.e.m.c.i.p.ProjectConfigurationManager - Update started
2022-06-08 01:52:00,000 [Worker-17] INFO  o.e.m.c.i.l.LifecycleMappingFactory - Using NULL lifecycle mapping for MavenProject: com.webshop:webshop-manager:0.0.1-SNAPSHOT @ H:\webshop\webshop-manager\pom.xml.
2022-06-08 01:52:00,572 [Worker-17] INFO  o.e.m.c.i.l.LifecycleMappingFactory - Using org.eclipse.m2e.jdt.JarLifecycleMapping lifecycle mapping for MavenProject: com.webshop:webshop-manager-mapper:0.0.1-SNAPSHOT @ H:\webshop\webshop-manager-mapper\pom.xml.
2022-06-08 01:52:00,766 [Worker-17] INFO  o.e.m.c.i.l.LifecycleMappingFactory - Using org.eclipse.m2e.jdt.JarLifecycleMapping lifecycle mapping for MavenProject: com.webshop:webshop-manager-pojo:0.0.1-SNAPSHOT @ H:\webshop\webshop-manager-pojo\pom.xml.
2022-06-08 01:52:00,815 [Worker-17] INFO  o.e.m.c.i.l.LifecycleMappingFactory - Using org.eclipse.m2e.jdt.JarLifecycleMapping lifecycle mapping for MavenProject: com.webshop:webshop-manager-service:0.0.1-SNAPSHOT @ H:\webshop\webshop-manager-service\pom.xml.
2022-06-08 01:52:00,878 [Worker-17] INFO  o.e.m.c.i.l.LifecycleMappingFactory - Using org.maven.ide.eclipse.wtp.WarLifecycleMapping lifecycle mapping for MavenProject: com.webshop:webshop-manager-web:0.0.1-SNAPSHOT @ H:\webshop\webshop-manager-web\pom.xml.
2022-06-08 01:52:00,888 [Worker-17] INFO  o.e.m.c.i.l.LifecycleMappingFactory - Using NULL lifecycle mapping for MavenProject: com.webshop:webshop-parent:0.0.1-SNAPSHOT @ H:\webshop\webshop-parent\pom.xml.
2022-06-08 01:52:01,760 [Worker-17] INFO  o.e.m.j.i.AbstractJavaProjectConfigurator - Adding source folder /webshop-manager-mapper/src/main/java
2022-06-08 01:52:01,760 [Worker-17] INFO  o.e.m.j.i.AbstractJavaProjectConfigurator - Adding resource folder /webshop-manager-mapper/src/main/resources
2022-06-08 01:52:01,765 [Worker-17] INFO  o.e.m.j.i.AbstractJavaProjectConfigurator - Adding source folder /webshop-manager-mapper/src/test/java
2022-06-08 01:52:01,765 [Worker-17] INFO  o.e.m.j.i.AbstractJavaProjectConfigurator - Adding resource folder /webshop-manager-mapper/src/test/resources
2022-06-08 01:52:01,959 [Worker-17] INFO  o.e.m.j.i.AbstractJavaProjectConfigurator - Adding source folder /webshop-manager-pojo/src/main/java
2022-06-08 01:52:01,959 [Worker-17] INFO  o.e.m.j.i.AbstractJavaProjectConfigurator - Adding resource folder /webshop-manager-pojo/src/main/resources
2022-06-08 01:52:01,959 [Worker-17] INFO  o.e.m.j.i.AbstractJavaProjectConfigurator - Adding source folder /webshop-manager-pojo/src/test/java
2022-06-08 01:52:01,959 [Worker-17] INFO  o.e.m.j.i.AbstractJavaProjectConfigurator - Adding resource folder /webshop-manager-pojo/src/test/resources
2022-06-08 01:52:02,003 [Worker-17] INFO  o.e.m.j.i.AbstractJavaProjectConfigurator - Adding source folder /webshop-manager-service/src/main/java
2022-06-08 01:52:02,003 [Worker-17] INFO  o.e.m.j.i.AbstractJavaProjectConfigurator - Adding resource folder /webshop-manager-service/src/main/resources
2022-06-08 01:52:02,010 [Worker-17] INFO  o.e.m.j.i.AbstractJavaProjectConfigurator - Adding source folder /webshop-manager-service/src/test/java
2022-06-08 01:52:02,010 [Worker-17] INFO  o.e.m.j.i.AbstractJavaProjectConfigurator - Adding resource folder /webshop-manager-service/src/test/resources
2022-06-08 01:52:02,097 [Worker-17] INFO  o.e.m.j.i.AbstractJavaProjectConfigurator - Adding source folder /webshop-manager-web/src/main/java
2022-06-08 01:52:02,097 [Worker-17] INFO  o.e.m.j.i.AbstractJavaProjectConfigurator - Adding resource folder /webshop-manager-web/src/main/resources
2022-06-08 01:52:02,102 [Worker-17] INFO  o.e.m.j.i.AbstractJavaProjectConfigurator - Adding source folder /webshop-manager-web/src/test/java
2022-06-08 01:52:02,103 [Worker-17] INFO  o.e.m.j.i.AbstractJavaProjectConfigurator - Adding resource folder /webshop-manager-web/src/test/resources
2022-06-08 01:52:02,389 [Worker-17] INFO  o.e.m.w.i.f.ResourceFilteringBuildParticipant - Cleaning filtered folder for webshop-manager-web
2022-06-08 01:52:02,397 [Worker-17] INFO  o.e.m.c.i.p.ProjectConfigurationManager - Update completed: 2 sec
2022-06-08 01:52:03,063 [Worker-23] INFO  o.e.m.c.i.embedder.EclipseLogger - Using 'UTF-8' encoding to copy filtered resources.
2022-06-08 01:52:03,064 [Worker-23] INFO  o.e.m.c.i.embedder.EclipseLogger - Copying 0 resource
2022-06-08 01:52:03,065 [Worker-23] INFO  o.e.m.c.i.embedder.EclipseLogger - Using 'UTF-8' encoding to copy filtered resources.
2022-06-08 01:52:03,065 [Worker-23] INFO  o.e.m.c.i.embedder.EclipseLogger - Copying 0 resource
2022-06-08 01:52:03,416 [Worker-23] WARN  o.e.m.c.i.embedder.EclipseLogger - Using platform encoding (GBK actually) to copy filtered resources, i.e. build is platform dependent!
2022-06-08 01:52:03,417 [Worker-23] INFO  o.e.m.c.i.embedder.EclipseLogger - Copying 0 resource
2022-06-08 01:52:03,418 [Worker-23] WARN  o.e.m.c.i.embedder.EclipseLogger - Using platform encoding (GBK actually) to copy filtered resources, i.e. build is platform dependent!
2022-06-08 01:52:03,419 [Worker-23] INFO  o.e.m.c.i.embedder.EclipseLogger - Copying 0 resource
2022-06-08 01:52:03,433 [Worker-23] INFO  o.e.m.c.i.embedder.EclipseLogger - Using 'UTF-8' encoding to copy filtered resources.
2022-06-08 01:52:03,436 [Worker-23] INFO  o.e.m.c.i.embedder.EclipseLogger - Copying 0 resource
2022-06-08 01:52:03,437 [Worker-23] INFO  o.e.m.c.i.embedder.EclipseLogger - Using 'UTF-8' encoding to copy filtered resources.
2022-06-08 01:52:03,437 [Worker-23] INFO  o.e.m.c.i.embedder.EclipseLogger - Copying 0 resource
2022-06-08 01:52:03,484 [Worker-23] INFO  o.e.m.c.i.embedder.EclipseLogger - Using 'UTF-8' encoding to copy filtered resources.
2022-06-08 01:52:03,484 [Worker-23] INFO  o.e.m.c.i.embedder.EclipseLogger - Copying 0 resource
2022-06-08 01:52:03,485 [Worker-23] INFO  o.e.m.c.i.embedder.EclipseLogger - Using 'UTF-8' encoding to copy filtered resources.
2022-06-08 01:52:03,485 [Worker-23] INFO  o.e.m.c.i.embedder.EclipseLogger - Copying 0 resource
2022-06-08 01:52:03,536 [Worker-23] INFO  o.e.m.c.i.embedder.EclipseLogger - Using 'UTF-8' encoding to copy filtered resources.
2022-06-08 01:52:03,536 [Worker-23] INFO  o.e.m.c.i.embedder.EclipseLogger - Copying 0 resource
2022-06-08 01:52:03,536 [Worker-23] INFO  o.e.m.c.i.embedder.EclipseLogger - Using 'UTF-8' encoding to copy filtered resources.
2022-06-08 01:52:03,537 [Worker-23] INFO  o.e.m.c.i.embedder.EclipseLogger - Copying 0 resource
2022-06-08 01:52:03,537 [Worker-23] INFO  o.e.m.w.i.f.ResourceFilteringBuildParticipant - Changed resources require a complete clean of filtered resources of webshop-manager-web
2022-06-08 01:52:03,537 [Worker-23] INFO  o.e.m.w.i.f.ResourceFilteringBuildParticipant - Executing resource filtering for webshop-manager-web
2022-06-08 01:52:03,540 [Worker-23] INFO  o.e.m.c.i.embedder.EclipseLogger - Using 'UTF-8' encoding to copy filtered resources.
2022-06-08 01:52:04,023 [Worker-22] INFO  o.e.m.c.i.embedder.EclipseLogger - Using 'UTF-8' encoding to copy filtered resources.
2022-06-08 01:52:04,024 [Worker-22] INFO  o.e.m.c.i.embedder.EclipseLogger - Copying 0 resource
2022-06-08 01:52:04,024 [Worker-22] INFO  o.e.m.c.i.embedder.EclipseLogger - Using 'UTF-8' encoding to copy filtered resources.
2022-06-08 01:52:04,025 [Worker-22] INFO  o.e.m.c.i.embedder.EclipseLogger - Copying 0 resource
2022-06-08 01:52:18,927 [Worker-26] INFO  o.e.m.c.i.embedder.EclipseLogger - Using 'UTF-8' encoding to copy filtered resources.
2022-06-08 01:52:18,928 [Worker-26] INFO  o.e.m.c.i.embedder.EclipseLogger - Copying 0 resource
2022-06-08 01:52:18,928 [Worker-26] INFO  o.e.m.c.i.embedder.EclipseLogger - Using 'UTF-8' encoding to copy filtered resources.
2022-06-08 01:52:18,928 [Worker-26] INFO  o.e.m.c.i.embedder.EclipseLogger - Copying 0 resource
2022-06-08 01:52:35,409 [Worker-15] INFO  o.e.m.c.i.embedder.EclipseLogger - Using 'UTF-8' encoding to copy filtered resources.
2022-06-08 01:52:35,410 [Worker-15] INFO  o.e.m.c.i.embedder.EclipseLogger - Copying 0 resource
2022-06-08 01:52:35,411 [Worker-15] INFO  o.e.m.c.i.embedder.EclipseLogger - Using 'UTF-8' encoding to copy filtered resources.
2022-06-08 01:52:35,411 [Worker-15] INFO  o.e.m.c.i.embedder.EclipseLogger - Copying 0 resource
2022-06-08 01:52:58,611 [Worker-15] INFO  o.e.m.c.i.embedder.EclipseLogger - Using 'UTF-8' encoding to copy filtered resources.
2022-06-08 01:52:58,612 [Worker-15] INFO  o.e.m.c.i.embedder.EclipseLogger - Copying 0 resource
2022-06-08 01:52:58,613 [Worker-15] INFO  o.e.m.c.i.embedder.EclipseLogger - Using 'UTF-8' encoding to copy filtered resources.
2022-06-08 01:52:58,613 [Worker-15] INFO  o.e.m.c.i.embedder.EclipseLogger - Copying 0 resource
2022-06-08 01:53:21,528 [Worker-0] INFO  o.e.m.c.i.embedder.EclipseLogger - Using 'UTF-8' encoding to copy filtered resources.
2022-06-08 01:53:21,528 [Worker-0] INFO  o.e.m.c.i.embedder.EclipseLogger - Copying 0 resource
2022-06-08 01:53:21,529 [Worker-0] INFO  o.e.m.c.i.embedder.EclipseLogger - Using 'UTF-8' encoding to copy filtered resources.
2022-06-08 01:53:21,529 [Worker-0] INFO  o.e.m.c.i.embedder.EclipseLogger - Copying 0 resource
2022-06-08 01:53:46,752 [Worker-25] INFO  o.e.m.i.launch.MavenLaunchDelegate - H:\webshop\webshop-manager-mapper
2022-06-08 01:53:46,752 [Worker-25] INFO  o.e.m.i.launch.MavenLaunchDelegate -  mvn  -B install
2022-06-08 01:54:38,483 [Worker-21] INFO  o.e.m.c.i.l.LifecycleMappingFactory - Using NULL lifecycle mapping for MavenProject: com.webshop:webshop-manager:0.0.1-SNAPSHOT @ H:\webshop\webshop-manager\pom.xml.
2022-06-08 01:54:39,075 [Worker-21] INFO  o.e.m.c.i.l.LifecycleMappingFactory - Using org.eclipse.m2e.jdt.JarLifecycleMapping lifecycle mapping for MavenProject: com.webshop:webshop-manager-mapper:0.0.1-SNAPSHOT @ H:\webshop\webshop-manager-mapper\pom.xml.
2022-06-08 01:54:39,129 [Worker-21] INFO  o.e.m.c.i.l.LifecycleMappingFactory - Using org.eclipse.m2e.jdt.JarLifecycleMapping lifecycle mapping for MavenProject: com.webshop:webshop-manager-service:0.0.1-SNAPSHOT @ H:\webshop\webshop-manager-service\pom.xml.
2022-06-08 01:54:39,191 [Worker-21] INFO  o.e.m.c.i.l.LifecycleMappingFactory - Using org.maven.ide.eclipse.wtp.WarLifecycleMapping lifecycle mapping for MavenProject: com.webshop:webshop-manager-web:0.0.1-SNAPSHOT @ H:\webshop\webshop-manager-web\pom.xml.
2022-06-08 01:54:40,323 [Worker-21] INFO  o.e.m.c.i.embedder.EclipseLogger - Using 'UTF-8' encoding to copy filtered resources.
2022-06-08 01:54:40,326 [Worker-21] INFO  o.e.m.c.i.embedder.EclipseLogger - Copying 0 resource
2022-06-08 01:54:40,328 [Worker-21] INFO  o.e.m.c.i.embedder.EclipseLogger - Using 'UTF-8' encoding to copy filtered resources.
2022-06-08 01:54:40,329 [Worker-21] INFO  o.e.m.c.i.embedder.EclipseLogger - Copying 0 resource
2022-06-08 01:54:40,517 [Worker-22] INFO  o.e.m.c.i.embedder.EclipseLogger - Using 'UTF-8' encoding to copy filtered resources.
2022-06-08 01:54:40,517 [Worker-22] INFO  o.e.m.c.i.embedder.EclipseLogger - Copying 0 resource
2022-06-08 01:54:40,518 [Worker-22] INFO  o.e.m.c.i.embedder.EclipseLogger - Using 'UTF-8' encoding to copy filtered resources.
2022-06-08 01:54:40,518 [Worker-22] INFO  o.e.m.c.i.embedder.EclipseLogger - Copying 0 resource
2022-06-08 01:54:40,557 [Worker-22] INFO  o.e.m.c.i.embedder.EclipseLogger - Using 'UTF-8' encoding to copy filtered resources.
2022-06-08 01:54:40,557 [Worker-22] INFO  o.e.m.c.i.embedder.EclipseLogger - Copying 0 resource
2022-06-08 01:54:40,557 [Worker-22] INFO  o.e.m.c.i.embedder.EclipseLogger - Using 'UTF-8' encoding to copy filtered resources.
2022-06-08 01:54:40,558 [Worker-22] INFO  o.e.m.c.i.embedder.EclipseLogger - Copying 0 resource
2022-06-08 01:54:46,961 [Worker-22] INFO  o.e.m.i.launch.MavenLaunchDelegate - H:\webshop\webshop-manager
2022-06-08 01:54:46,961 [Worker-22] INFO  o.e.m.i.launch.MavenLaunchDelegate -  mvn  -B install
2022-06-08 01:55:49,023 [Worker-16] INFO  o.e.m.i.launch.MavenLaunchDelegate - H:\webshop\webshop-parent
2022-06-08 01:55:49,023 [Worker-16] INFO  o.e.m.i.launch.MavenLaunchDelegate -  mvn  -B install
2022-06-08 01:55:55,785 [Worker-22] INFO  o.e.m.i.launch.MavenLaunchDelegate - H:\webshop\webshop-manager
2022-06-08 01:55:55,785 [Worker-22] INFO  o.e.m.i.launch.MavenLaunchDelegate -  mvn  -B install
2022-06-08 01:57:07,843 [Worker-21] INFO  o.e.m.c.i.l.LifecycleMappingFactory - Using org.eclipse.m2e.jdt.JarLifecycleMapping lifecycle mapping for MavenProject: com.webshop:webshop-manager-pojo:0.0.1-SNAPSHOT @ H:\webshop\webshop-manager-pojo\pom.xml.
2022-06-08 01:57:07,891 [Worker-21] INFO  o.e.m.c.i.l.LifecycleMappingFactory - Using org.eclipse.m2e.jdt.JarLifecycleMapping lifecycle mapping for MavenProject: com.webshop:webshop-manager-mapper:0.0.1-SNAPSHOT @ H:\webshop\webshop-manager-mapper\pom.xml.
2022-06-08 01:57:07,953 [Worker-21] INFO  o.e.m.c.i.l.LifecycleMappingFactory - Using org.eclipse.m2e.jdt.JarLifecycleMapping lifecycle mapping for MavenProject: com.webshop:webshop-manager-service:0.0.1-SNAPSHOT @ H:\webshop\webshop-manager-service\pom.xml.
2022-06-08 01:57:08,008 [Worker-21] INFO  o.e.m.c.i.l.LifecycleMappingFactory - Using org.maven.ide.eclipse.wtp.WarLifecycleMapping lifecycle mapping for MavenProject: com.webshop:webshop-manager-web:0.0.1-SNAPSHOT @ H:\webshop\webshop-manager-web\pom.xml.
2022-06-08 01:57:08,158 [Worker-21] INFO  o.e.m.c.i.embedder.EclipseLogger - Using 'UTF-8' encoding to copy filtered resources.
2022-06-08 01:57:08,159 [Worker-21] INFO  o.e.m.c.i.embedder.EclipseLogger - Copying 0 resource
2022-06-08 01:57:08,159 [Worker-21] INFO  o.e.m.c.i.embedder.EclipseLogger - Using 'UTF-8' encoding to copy filtered resources.
2022-06-08 01:57:08,159 [Worker-21] INFO  o.e.m.c.i.embedder.EclipseLogger - Copying 0 resource
2022-06-08 01:57:08,531 [Worker-21] INFO  o.e.m.c.i.embedder.EclipseLogger - Using 'UTF-8' encoding to copy filtered resources.
2022-06-08 01:57:08,531 [Worker-21] INFO  o.e.m.c.i.embedder.EclipseLogger - Copying 0 resource
2022-06-08 01:57:08,531 [Worker-21] INFO  o.e.m.c.i.embedder.EclipseLogger - Using 'UTF-8' encoding to copy filtered resources.
2022-06-08 01:57:08,531 [Worker-21] INFO  o.e.m.c.i.embedder.EclipseLogger - Copying 0 resource
2022-06-08 01:57:08,561 [Worker-21] INFO  o.e.m.c.i.embedder.EclipseLogger - Using 'UTF-8' encoding to copy filtered resources.
2022-06-08 01:57:08,561 [Worker-21] INFO  o.e.m.c.i.embedder.EclipseLogger - Copying 0 resource
2022-06-08 01:57:08,562 [Worker-21] INFO  o.e.m.c.i.embedder.EclipseLogger - Using 'UTF-8' encoding to copy filtered resources.
2022-06-08 01:57:08,562 [Worker-21] INFO  o.e.m.c.i.embedder.EclipseLogger - Copying 0 resource
2022-06-08 01:57:08,605 [Worker-21] INFO  o.e.m.c.i.embedder.EclipseLogger - Using 'UTF-8' encoding to copy filtered resources.
2022-06-08 01:57:08,605 [Worker-21] INFO  o.e.m.c.i.embedder.EclipseLogger - Copying 0 resource
2022-06-08 01:57:08,606 [Worker-21] INFO  o.e.m.c.i.embedder.EclipseLogger - Using 'UTF-8' encoding to copy filtered resources.
2022-06-08 01:57:08,606 [Worker-21] INFO  o.e.m.c.i.embedder.EclipseLogger - Copying 0 resource
2022-06-08 01:57:21,040 [Worker-17] INFO  o.e.m.c.i.l.LifecycleMappingFactory - Using org.eclipse.m2e.jdt.JarLifecycleMapping lifecycle mapping for MavenProject: com.webshop:webshop-manager-service:0.0.1-SNAPSHOT @ H:\webshop\webshop-manager-service\pom.xml.
2022-06-08 01:57:21,077 [Worker-17] INFO  o.e.m.c.i.embedder.EclipseLogger - Using 'UTF-8' encoding to copy filtered resources.
2022-06-08 01:57:21,078 [Worker-17] INFO  o.e.m.c.i.embedder.EclipseLogger - Copying 0 resource
2022-06-08 01:57:21,079 [Worker-17] INFO  o.e.m.c.i.embedder.EclipseLogger - Using 'UTF-8' encoding to copy filtered resources.
2022-06-08 01:57:21,079 [Worker-17] INFO  o.e.m.c.i.embedder.EclipseLogger - Copying 0 resource
2022-06-08 01:57:26,766 [Worker-16] INFO  o.e.m.c.i.l.LifecycleMappingFactory - Using org.eclipse.m2e.jdt.JarLifecycleMapping lifecycle mapping for MavenProject: com.webshop:webshop-manager-mapper:0.0.1-SNAPSHOT @ H:\webshop\webshop-manager-mapper\pom.xml.
2022-06-08 01:57:26,798 [Worker-16] INFO  o.e.m.c.i.embedder.EclipseLogger - Using 'UTF-8' encoding to copy filtered resources.
2022-06-08 01:57:26,798 [Worker-16] INFO  o.e.m.c.i.embedder.EclipseLogger - Copying 0 resource
2022-06-08 01:57:26,798 [Worker-16] INFO  o.e.m.c.i.embedder.EclipseLogger - Using 'UTF-8' encoding to copy filtered resources.
2022-06-08 01:57:26,799 [Worker-16] INFO  o.e.m.c.i.embedder.EclipseLogger - Copying 0 resource
2022-06-08 01:57:33,680 [Worker-17] INFO  o.e.m.c.i.l.LifecycleMappingFactory - Using org.maven.ide.eclipse.wtp.WarLifecycleMapping lifecycle mapping for MavenProject: com.webshop:webshop-manager-web:0.0.1-SNAPSHOT @ H:\webshop\webshop-manager-web\pom.xml.
2022-06-08 01:57:34,218 [Worker-17] INFO  o.e.m.c.i.embedder.EclipseLogger - Using 'UTF-8' encoding to copy filtered resources.
2022-06-08 01:57:34,219 [Worker-17] INFO  o.e.m.c.i.embedder.EclipseLogger - Copying 0 resource
2022-06-08 01:57:34,219 [Worker-17] INFO  o.e.m.c.i.embedder.EclipseLogger - Using 'UTF-8' encoding to copy filtered resources.
2022-06-08 01:57:34,219 [Worker-17] INFO  o.e.m.c.i.embedder.EclipseLogger - Copying 0 resource
2022-06-08 01:57:34,219 [Worker-17] INFO  o.e.m.w.i.f.ResourceFilteringBuildParticipant - Changed resources require a complete clean of filtered resources of webshop-manager-web
2022-06-08 01:57:34,219 [Worker-17] INFO  o.e.m.w.i.f.ResourceFilteringBuildParticipant - Executing resource filtering for webshop-manager-web
2022-06-08 01:57:34,222 [Worker-17] INFO  o.e.m.c.i.embedder.EclipseLogger - Using 'UTF-8' encoding to copy filtered resources.
2022-06-08 01:57:40,866 [Worker-27] INFO  o.e.m.w.i.f.ResourceFilteringBuildParticipant - Cleaning filtered folder for webshop-manager-web
2022-06-08 01:57:40,998 [Worker-17] INFO  o.e.m.c.i.embedder.EclipseLogger - Using 'UTF-8' encoding to copy filtered resources.
2022-06-08 01:57:40,998 [Worker-17] INFO  o.e.m.c.i.embedder.EclipseLogger - Copying 0 resource
2022-06-08 01:57:40,999 [Worker-17] INFO  o.e.m.c.i.embedder.EclipseLogger - Using 'UTF-8' encoding to copy filtered resources.
2022-06-08 01:57:40,999 [Worker-17] INFO  o.e.m.c.i.embedder.EclipseLogger - Copying 0 resource
2022-06-08 01:57:41,037 [Worker-17] INFO  o.e.m.c.i.embedder.EclipseLogger - Using 'UTF-8' encoding to copy filtered resources.
2022-06-08 01:57:41,038 [Worker-17] INFO  o.e.m.c.i.embedder.EclipseLogger - Copying 0 resource
2022-06-08 01:57:41,038 [Worker-17] INFO  o.e.m.c.i.embedder.EclipseLogger - Using 'UTF-8' encoding to copy filtered resources.
2022-06-08 01:57:41,039 [Worker-17] INFO  o.e.m.c.i.embedder.EclipseLogger - Copying 0 resource
2022-06-08 01:57:41,089 [Worker-17] INFO  o.e.m.c.i.embedder.EclipseLogger - Using 'UTF-8' encoding to copy filtered resources.
2022-06-08 01:57:41,089 [Worker-17] INFO  o.e.m.c.i.embedder.EclipseLogger - Copying 0 resource
2022-06-08 01:57:41,090 [Worker-17] INFO  o.e.m.c.i.embedder.EclipseLogger - Using 'UTF-8' encoding to copy filtered resources.
2022-06-08 01:57:41,090 [Worker-17] INFO  o.e.m.c.i.embedder.EclipseLogger - Copying 0 resource
2022-06-08 01:57:41,151 [Worker-17] INFO  o.e.m.c.i.embedder.EclipseLogger - Using 'UTF-8' encoding to copy filtered resources.
2022-06-08 01:57:41,151 [Worker-17] INFO  o.e.m.c.i.embedder.EclipseLogger - Copying 0 resource
2022-06-08 01:57:41,151 [Worker-17] INFO  o.e.m.c.i.embedder.EclipseLogger - Using 'UTF-8' encoding to copy filtered resources.
2022-06-08 01:57:41,152 [Worker-17] INFO  o.e.m.c.i.embedder.EclipseLogger - Copying 0 resource
2022-06-08 01:57:41,152 [Worker-17] INFO  o.e.m.w.i.f.ResourceFilteringBuildParticipant - Changed resources require a complete clean of filtered resources of webshop-manager-web
2022-06-08 01:57:41,152 [Worker-17] INFO  o.e.m.w.i.f.ResourceFilteringBuildParticipant - Executing resource filtering for webshop-manager-web
2022-06-08 01:57:41,154 [Worker-17] INFO  o.e.m.c.i.embedder.EclipseLogger - Using 'UTF-8' encoding to copy filtered resources.
2022-06-08 01:57:48,314 [Worker-24] INFO  o.e.m.i.launch.MavenLaunchDelegate - H:\webshop\webshop-manager
2022-06-08 01:57:48,314 [Worker-24] INFO  o.e.m.i.launch.MavenLaunchDelegate -  mvn  -B install
2022-06-08 01:59:07,415 [Worker-27] INFO  o.e.m.c.i.l.LifecycleMappingFactory - Using NULL lifecycle mapping for MavenProject: com.webshop:webshop-manager:0.0.1-SNAPSHOT @ H:\webshop\webshop-manager\pom.xml.
2022-06-08 01:59:07,983 [Worker-27] INFO  o.e.m.c.i.l.LifecycleMappingFactory - Using org.eclipse.m2e.jdt.JarLifecycleMapping lifecycle mapping for MavenProject: com.webshop:webshop-manager-pojo:0.0.1-SNAPSHOT @ H:\webshop\webshop-manager-pojo\pom.xml.
2022-06-08 01:59:08,031 [Worker-27] INFO  o.e.m.c.i.l.LifecycleMappingFactory - Using org.eclipse.m2e.jdt.JarLifecycleMapping lifecycle mapping for MavenProject: com.webshop:webshop-manager-service:0.0.1-SNAPSHOT @ H:\webshop\webshop-manager-service\pom.xml.
2022-06-08 01:59:08,091 [Worker-27] INFO  o.e.m.c.i.l.LifecycleMappingFactory - Using org.eclipse.m2e.jdt.JarLifecycleMapping lifecycle mapping for MavenProject: com.webshop:webshop-manager-mapper:0.0.1-SNAPSHOT @ H:\webshop\webshop-manager-mapper\pom.xml.
2022-06-08 01:59:08,143 [Worker-27] INFO  o.e.m.c.i.l.LifecycleMappingFactory - Using org.maven.ide.eclipse.wtp.WarLifecycleMapping lifecycle mapping for MavenProject: com.webshop:webshop-manager-web:0.0.1-SNAPSHOT @ H:\webshop\webshop-manager-web\pom.xml.
2022-06-08 01:59:09,283 [Worker-27] INFO  o.e.m.c.i.embedder.EclipseLogger - Using 'UTF-8' encoding to copy filtered resources.
2022-06-08 01:59:09,286 [Worker-27] INFO  o.e.m.c.i.embedder.EclipseLogger - Copying 0 resource
2022-06-08 01:59:09,288 [Worker-27] INFO  o.e.m.c.i.embedder.EclipseLogger - Using 'UTF-8' encoding to copy filtered resources.
2022-06-08 01:59:09,288 [Worker-27] INFO  o.e.m.c.i.embedder.EclipseLogger - Copying 0 resource
2022-06-08 01:59:09,470 [Worker-16] INFO  o.e.m.c.i.embedder.EclipseLogger - Using 'UTF-8' encoding to copy filtered resources.
2022-06-08 01:59:09,470 [Worker-16] INFO  o.e.m.c.i.embedder.EclipseLogger - Copying 0 resource
2022-06-08 01:59:09,471 [Worker-16] INFO  o.e.m.c.i.embedder.EclipseLogger - Using 'UTF-8' encoding to copy filtered resources.
2022-06-08 01:59:09,471 [Worker-16] INFO  o.e.m.c.i.embedder.EclipseLogger - Copying 0 resource
2022-06-08 01:59:09,514 [Worker-16] INFO  o.e.m.c.i.embedder.EclipseLogger - Using 'UTF-8' encoding to copy filtered resources.
2022-06-08 01:59:09,514 [Worker-16] INFO  o.e.m.c.i.embedder.EclipseLogger - Copying 0 resource
2022-06-08 01:59:09,514 [Worker-16] INFO  o.e.m.c.i.embedder.EclipseLogger - Using 'UTF-8' encoding to copy filtered resources.
2022-06-08 01:59:09,514 [Worker-16] INFO  o.e.m.c.i.embedder.EclipseLogger - Copying 0 resource
2022-06-08 01:59:09,547 [Worker-16] INFO  o.e.m.c.i.embedder.EclipseLogger - Using 'UTF-8' encoding to copy filtered resources.
2022-06-08 01:59:09,547 [Worker-16] INFO  o.e.m.c.i.embedder.EclipseLogger - Copying 0 resource
2022-06-08 01:59:09,548 [Worker-16] INFO  o.e.m.c.i.embedder.EclipseLogger - Using 'UTF-8' encoding to copy filtered resources.
2022-06-08 01:59:09,548 [Worker-16] INFO  o.e.m.c.i.embedder.EclipseLogger - Copying 0 resource
2022-06-08 01:59:23,217 [Worker-28] INFO  o.e.m.c.i.l.LifecycleMappingFactory - Using org.eclipse.m2e.jdt.JarLifecycleMapping lifecycle mapping for MavenProject: com.webshop:webshop-manager-mapper:0.0.1-SNAPSHOT @ H:\webshop\webshop-manager-mapper\pom.xml.
2022-06-08 01:59:23,249 [Worker-28] INFO  o.e.m.c.i.embedder.EclipseLogger - Using 'UTF-8' encoding to copy filtered resources.
2022-06-08 01:59:23,249 [Worker-28] INFO  o.e.m.c.i.embedder.EclipseLogger - Copying 0 resource
2022-06-08 01:59:23,250 [Worker-28] INFO  o.e.m.c.i.embedder.EclipseLogger - Using 'UTF-8' encoding to copy filtered resources.
2022-06-08 01:59:23,250 [Worker-28] INFO  o.e.m.c.i.embedder.EclipseLogger - Copying 0 resource
2022-06-08 01:59:48,058 [Worker-25] INFO  o.e.m.c.i.l.LifecycleMappingFactory - Using org.eclipse.m2e.jdt.JarLifecycleMapping lifecycle mapping for MavenProject: com.webshop:webshop-manager-pojo:0.0.1-SNAPSHOT @ H:\webshop\webshop-manager-pojo\pom.xml.
2022-06-08 01:59:48,082 [Worker-25] INFO  o.e.m.c.i.embedder.EclipseLogger - Using 'UTF-8' encoding to copy filtered resources.
2022-06-08 01:59:48,082 [Worker-25] INFO  o.e.m.c.i.embedder.EclipseLogger - Copying 0 resource
2022-06-08 01:59:48,083 [Worker-25] INFO  o.e.m.c.i.embedder.EclipseLogger - Using 'UTF-8' encoding to copy filtered resources.
2022-06-08 01:59:48,083 [Worker-25] INFO  o.e.m.c.i.embedder.EclipseLogger - Copying 0 resource
2022-06-08 01:59:58,228 [Worker-17] INFO  o.e.m.c.i.l.LifecycleMappingFactory - Using org.eclipse.m2e.jdt.JarLifecycleMapping lifecycle mapping for MavenProject: com.webshop:webshop-manager-service:0.0.1-SNAPSHOT @ H:\webshop\webshop-manager-service\pom.xml.
2022-06-08 01:59:58,260 [Worker-17] INFO  o.e.m.c.i.embedder.EclipseLogger - Using 'UTF-8' encoding to copy filtered resources.
2022-06-08 01:59:58,260 [Worker-17] INFO  o.e.m.c.i.embedder.EclipseLogger - Copying 0 resource
2022-06-08 01:59:58,261 [Worker-17] INFO  o.e.m.c.i.embedder.EclipseLogger - Using 'UTF-8' encoding to copy filtered resources.
2022-06-08 01:59:58,261 [Worker-17] INFO  o.e.m.c.i.embedder.EclipseLogger - Copying 0 resource
2022-06-08 02:00:05,020 [Worker-16] INFO  o.e.m.c.i.l.LifecycleMappingFactory - Using org.maven.ide.eclipse.wtp.WarLifecycleMapping lifecycle mapping for MavenProject: com.webshop:webshop-manager-web:0.0.1-SNAPSHOT @ H:\webshop\webshop-manager-web\pom.xml.
2022-06-08 02:00:05,550 [Worker-16] INFO  o.e.m.c.i.embedder.EclipseLogger - Using 'UTF-8' encoding to copy filtered resources.
2022-06-08 02:00:05,550 [Worker-16] INFO  o.e.m.c.i.embedder.EclipseLogger - Copying 0 resource
2022-06-08 02:00:05,552 [Worker-16] INFO  o.e.m.c.i.embedder.EclipseLogger - Using 'UTF-8' encoding to copy filtered resources.
2022-06-08 02:00:05,552 [Worker-16] INFO  o.e.m.c.i.embedder.EclipseLogger - Copying 0 resource
2022-06-08 02:00:05,552 [Worker-16] INFO  o.e.m.w.i.f.ResourceFilteringBuildParticipant - Changed resources require a complete clean of filtered resources of webshop-manager-web
2022-06-08 02:00:05,552 [Worker-16] INFO  o.e.m.w.i.f.ResourceFilteringBuildParticipant - Executing resource filtering for webshop-manager-web
2022-06-08 02:00:05,557 [Worker-16] INFO  o.e.m.c.i.embedder.EclipseLogger - Using 'UTF-8' encoding to copy filtered resources.
2022-06-08 02:00:14,142 [Worker-17] INFO  o.e.m.i.launch.MavenLaunchDelegate - H:\webshop\webshop-parent
2022-06-08 02:00:14,142 [Worker-17] INFO  o.e.m.i.launch.MavenLaunchDelegate -  mvn  -B install
2022-06-08 02:00:37,880 [Worker-17] INFO  o.e.m.i.launch.MavenLaunchDelegate - H:\webshop\webshop-manager
2022-06-08 02:00:37,880 [Worker-17] INFO  o.e.m.i.launch.MavenLaunchDelegate -  mvn  -B install
2022-06-08 02:01:19,069 [main] INFO  o.e.m2e.actions.ExecutePomAction - Creating new launch configuration
2022-06-08 02:01:27,296 [Worker-20] INFO  o.e.m.i.launch.MavenLaunchDelegate - H:\webshop\webshop-manager-web
2022-06-08 02:01:27,296 [Worker-20] INFO  o.e.m.i.launch.MavenLaunchDelegate -  mvn  -B tomcat7:run
2022-06-08 02:03:04,649 [Worker-16] INFO  o.e.m.c.i.embedder.EclipseLogger - Using 'UTF-8' encoding to copy filtered resources.
2022-06-08 02:03:04,649 [Worker-16] INFO  o.e.m.c.i.embedder.EclipseLogger - Copying 0 resource
2022-06-08 02:03:04,650 [Worker-16] INFO  o.e.m.c.i.embedder.EclipseLogger - Using 'UTF-8' encoding to copy filtered resources.
2022-06-08 02:03:04,650 [Worker-16] INFO  o.e.m.c.i.embedder.EclipseLogger - Copying 0 resource
2022-06-08 02:03:04,655 [Worker-16] INFO  o.e.m.c.i.embedder.EclipseLogger - Using 'UTF-8' encoding to copy filtered resources.
2022-06-08 02:03:04,655 [Worker-16] INFO  o.e.m.c.i.embedder.EclipseLogger - Copying 0 resource
2022-06-08 02:03:04,656 [Worker-16] INFO  o.e.m.c.i.embedder.EclipseLogger - Using 'UTF-8' encoding to copy filtered resources.
2022-06-08 02:03:04,656 [Worker-16] INFO  o.e.m.c.i.embedder.EclipseLogger - Copying 0 resource
2022-06-08 02:03:04,661 [Worker-16] INFO  o.e.m.c.i.embedder.EclipseLogger - Using 'UTF-8' encoding to copy filtered resources.
2022-06-08 02:03:04,661 [Worker-16] INFO  o.e.m.c.i.embedder.EclipseLogger - Copying 0 resource
2022-06-08 02:03:04,661 [Worker-16] INFO  o.e.m.c.i.embedder.EclipseLogger - Using 'UTF-8' encoding to copy filtered resources.
2022-06-08 02:03:04,661 [Worker-16] INFO  o.e.m.c.i.embedder.EclipseLogger - Copying 0 resource
2022-06-08 02:03:04,687 [Worker-16] INFO  o.e.m.c.i.embedder.EclipseLogger - Using 'UTF-8' encoding to copy filtered resources.
2022-06-08 02:03:04,687 [Worker-16] INFO  o.e.m.c.i.embedder.EclipseLogger - Copying 0 resource
2022-06-08 02:03:04,687 [Worker-16] INFO  o.e.m.c.i.embedder.EclipseLogger - Using 'UTF-8' encoding to copy filtered resources.
2022-06-08 02:03:04,687 [Worker-16] INFO  o.e.m.c.i.embedder.EclipseLogger - Copying 0 resource
2022-06-08 02:04:11,189 [Worker-26] INFO  o.e.m.i.launch.MavenLaunchDelegate - H:\webshop\webshop-parent
2022-06-08 02:04:11,189 [Worker-26] INFO  o.e.m.i.launch.MavenLaunchDelegate -  mvn  -B clean
2022-06-08 02:04:16,470 [Worker-20] INFO  o.e.m.i.launch.MavenLaunchDelegate - H:\webshop\webshop-manager
2022-06-08 02:04:16,470 [Worker-20] INFO  o.e.m.i.launch.MavenLaunchDelegate -  mvn  -B clean
2022-06-08 02:04:29,635 [Worker-15] INFO  o.e.m.c.i.embedder.EclipseLogger - Using 'UTF-8' encoding to copy filtered resources.
2022-06-08 02:04:29,635 [Worker-15] INFO  o.e.m.c.i.embedder.EclipseLogger - Copying 0 resource
2022-06-08 02:04:29,636 [Worker-15] INFO  o.e.m.c.i.embedder.EclipseLogger - Using 'UTF-8' encoding to copy filtered resources.
2022-06-08 02:04:29,636 [Worker-15] INFO  o.e.m.c.i.embedder.EclipseLogger - Copying 0 resource
2022-06-08 02:04:33,126 [Worker-27] INFO  o.e.m.c.i.embedder.EclipseLogger - Using 'UTF-8' encoding to copy filtered resources.
2022-06-08 02:04:33,126 [Worker-27] INFO  o.e.m.c.i.embedder.EclipseLogger - Copying 0 resource
2022-06-08 02:04:33,127 [Worker-27] INFO  o.e.m.c.i.embedder.EclipseLogger - Using 'UTF-8' encoding to copy filtered resources.
2022-06-08 02:04:33,127 [Worker-27] INFO  o.e.m.c.i.embedder.EclipseLogger - Copying 0 resource
2022-06-08 02:04:35,792 [Worker-30] INFO  o.e.m.c.i.embedder.EclipseLogger - Using 'UTF-8' encoding to copy filtered resources.
2022-06-08 02:04:35,792 [Worker-30] INFO  o.e.m.c.i.embedder.EclipseLogger - Copying 0 resource
2022-06-08 02:04:35,793 [Worker-30] INFO  o.e.m.c.i.embedder.EclipseLogger - Using 'UTF-8' encoding to copy filtered resources.
2022-06-08 02:04:35,793 [Worker-30] INFO  o.e.m.c.i.embedder.EclipseLogger - Copying 0 resource
2022-06-08 02:04:39,885 [Worker-13] INFO  o.e.m.c.i.embedder.EclipseLogger - Using 'UTF-8' encoding to copy filtered resources.
2022-06-08 02:04:39,885 [Worker-13] INFO  o.e.m.c.i.embedder.EclipseLogger - Copying 0 resource
2022-06-08 02:04:39,888 [Worker-13] INFO  o.e.m.c.i.embedder.EclipseLogger - Using 'UTF-8' encoding to copy filtered resources.
2022-06-08 02:04:39,888 [Worker-13] INFO  o.e.m.c.i.embedder.EclipseLogger - Copying 0 resource
2022-06-08 02:04:46,715 [Worker-25] INFO  o.e.m.i.launch.MavenLaunchDelegate - H:\webshop\webshop-manager
2022-06-08 02:04:46,715 [Worker-25] INFO  o.e.m.i.launch.MavenLaunchDelegate -  mvn  -B clean
2022-06-08 02:08:08,500 [Worker-32] INFO  o.e.m.c.i.embedder.EclipseLogger - Using 'UTF-8' encoding to copy filtered resources.
2022-06-08 02:08:08,500 [Worker-32] INFO  o.e.m.c.i.embedder.EclipseLogger - Copying 0 resource
2022-06-08 02:08:08,501 [Worker-32] INFO  o.e.m.c.i.embedder.EclipseLogger - Using 'UTF-8' encoding to copy filtered resources.
2022-06-08 02:08:08,501 [Worker-32] INFO  o.e.m.c.i.embedder.EclipseLogger - Copying 0 resource
2022-06-08 02:08:08,650 [Worker-31] INFO  o.e.m.c.i.embedder.EclipseLogger - Using 'UTF-8' encoding to copy filtered resources.
2022-06-08 02:08:08,650 [Worker-31] INFO  o.e.m.c.i.embedder.EclipseLogger - Copying 0 resource
2022-06-08 02:08:08,650 [Worker-31] INFO  o.e.m.c.i.embedder.EclipseLogger - Using 'UTF-8' encoding to copy filtered resources.
2022-06-08 02:08:08,651 [Worker-31] INFO  o.e.m.c.i.embedder.EclipseLogger - Copying 0 resource
2022-06-08 02:08:08,672 [Worker-31] INFO  o.e.m.c.i.embedder.EclipseLogger - Using 'UTF-8' encoding to copy filtered resources.
2022-06-08 02:08:08,673 [Worker-31] INFO  o.e.m.c.i.embedder.EclipseLogger - Copying 0 resource
2022-06-08 02:08:08,674 [Worker-31] INFO  o.e.m.c.i.embedder.EclipseLogger - Using 'UTF-8' encoding to copy filtered resources.
2022-06-08 02:08:08,675 [Worker-31] INFO  o.e.m.c.i.embedder.EclipseLogger - Copying 0 resource
2022-06-08 02:08:08,702 [Worker-31] INFO  o.e.m.c.i.embedder.EclipseLogger - Using 'UTF-8' encoding to copy filtered resources.
2022-06-08 02:08:08,702 [Worker-31] INFO  o.e.m.c.i.embedder.EclipseLogger - Copying 0 resource
2022-06-08 02:08:08,703 [Worker-31] INFO  o.e.m.c.i.embedder.EclipseLogger - Using 'UTF-8' encoding to copy filtered resources.
2022-06-08 02:08:08,703 [Worker-31] INFO  o.e.m.c.i.embedder.EclipseLogger - Copying 0 resource
2022-06-08 02:08:08,703 [Worker-31] INFO  o.e.m.w.i.f.ResourceFilteringBuildParticipant - Changed resources require a complete clean of filtered resources of webshop-manager-web
2022-06-08 02:08:08,703 [Worker-31] INFO  o.e.m.w.i.f.ResourceFilteringBuildParticipant - Executing resource filtering for webshop-manager-web
2022-06-08 02:08:08,714 [Worker-31] INFO  o.e.m.c.i.embedder.EclipseLogger - Using 'UTF-8' encoding to copy filtered resources.
2022-06-08 02:08:50,031 [Worker-25] INFO  o.e.m.c.i.embedder.EclipseLogger - Using 'UTF-8' encoding to copy filtered resources.
2022-06-08 02:08:50,031 [Worker-25] INFO  o.e.m.c.i.embedder.EclipseLogger - Copying 0 resource
2022-06-08 02:08:50,032 [Worker-25] INFO  o.e.m.c.i.embedder.EclipseLogger - Using 'UTF-8' encoding to copy filtered resources.
2022-06-08 02:08:50,032 [Worker-25] INFO  o.e.m.c.i.embedder.EclipseLogger - Copying 0 resource
2022-06-08 02:08:56,409 [Worker-13] INFO  o.e.m.c.i.embedder.EclipseLogger - Using 'UTF-8' encoding to copy filtered resources.
2022-06-08 02:08:56,410 [Worker-13] INFO  o.e.m.c.i.embedder.EclipseLogger - Copying 0 resource
2022-06-08 02:08:56,410 [Worker-13] INFO  o.e.m.c.i.embedder.EclipseLogger - Using 'UTF-8' encoding to copy filtered resources.
2022-06-08 02:08:56,410 [Worker-13] INFO  o.e.m.c.i.embedder.EclipseLogger - Copying 0 resource
2022-06-08 02:09:13,140 [Worker-33] INFO  o.e.m.c.i.embedder.EclipseLogger - Using 'UTF-8' encoding to copy filtered resources.
2022-06-08 02:09:13,141 [Worker-33] INFO  o.e.m.c.i.embedder.EclipseLogger - Copying 0 resource
2022-06-08 02:09:13,141 [Worker-33] INFO  o.e.m.c.i.embedder.EclipseLogger - Using 'UTF-8' encoding to copy filtered resources.
2022-06-08 02:09:13,141 [Worker-33] INFO  o.e.m.c.i.embedder.EclipseLogger - Copying 0 resource
2022-06-08 02:09:14,173 [Worker-13] INFO  o.e.m.c.i.embedder.EclipseLogger - Using 'UTF-8' encoding to copy filtered resources.
2022-06-08 02:09:14,173 [Worker-13] INFO  o.e.m.c.i.embedder.EclipseLogger - Copying 0 resource
2022-06-08 02:09:14,174 [Worker-13] INFO  o.e.m.c.i.embedder.EclipseLogger - Using 'UTF-8' encoding to copy filtered resources.
2022-06-08 02:09:14,174 [Worker-13] INFO  o.e.m.c.i.embedder.EclipseLogger - Copying 0 resource
2022-06-08 02:09:14,177 [Worker-13] INFO  o.e.m.c.i.embedder.EclipseLogger - Using 'UTF-8' encoding to copy filtered resources.
2022-06-08 02:09:14,177 [Worker-13] INFO  o.e.m.c.i.embedder.EclipseLogger - Copying 0 resource
2022-06-08 02:09:14,178 [Worker-13] INFO  o.e.m.c.i.embedder.EclipseLogger - Using 'UTF-8' encoding to copy filtered resources.
2022-06-08 02:09:14,178 [Worker-13] INFO  o.e.m.c.i.embedder.EclipseLogger - Copying 0 resource
2022-06-08 02:09:14,181 [Worker-13] INFO  o.e.m.c.i.embedder.EclipseLogger - Using 'UTF-8' encoding to copy filtered resources.
2022-06-08 02:09:14,181 [Worker-13] INFO  o.e.m.c.i.embedder.EclipseLogger - Copying 0 resource
2022-06-08 02:09:14,181 [Worker-13] INFO  o.e.m.c.i.embedder.EclipseLogger - Using 'UTF-8' encoding to copy filtered resources.
2022-06-08 02:09:14,182 [Worker-13] INFO  o.e.m.c.i.embedder.EclipseLogger - Copying 0 resource
2022-06-08 02:09:14,186 [Worker-13] INFO  o.e.m.c.i.embedder.EclipseLogger - Using 'UTF-8' encoding to copy filtered resources.
2022-06-08 02:09:14,186 [Worker-13] INFO  o.e.m.c.i.embedder.EclipseLogger - Copying 0 resource
2022-06-08 02:09:14,186 [Worker-13] INFO  o.e.m.c.i.embedder.EclipseLogger - Using 'UTF-8' encoding to copy filtered resources.
2022-06-08 02:09:14,186 [Worker-13] INFO  o.e.m.c.i.embedder.EclipseLogger - Copying 0 resource
2022-06-08 02:09:22,839 [Worker-28] WARN  o.e.r.models.ModelRepository - Failed to download org.eclipse.recommenders:index::zip:0.0.0
org.eclipse.aether.resolution.ArtifactResolutionException: Could not find artifact org.eclipse.recommenders:index:zip:0.0.0-SNAPSHOT in models (http://download.eclipse.org/recommenders/models/mars/)
	at org.eclipse.aether.internal.impl.DefaultArtifactResolver.resolve(DefaultArtifactResolver.java:444) ~[na:na]
	at org.eclipse.aether.internal.impl.DefaultArtifactResolver.resolveArtifacts(DefaultArtifactResolver.java:246) ~[na:na]
	at org.eclipse.aether.internal.impl.DefaultArtifactResolver.resolveArtifact(DefaultArtifactResolver.java:223) ~[na:na]
	at org.eclipse.aether.internal.impl.DefaultRepositorySystem.resolveArtifact(DefaultRepositorySystem.java:294) ~[na:na]
	at org.eclipse.recommenders.models.ModelRepository.resolveInternal(ModelRepository.java:190) [org.eclipse.recommenders.models_2.2.0.v20150609-1848.jar:na]
	at org.eclipse.recommenders.models.ModelRepository.resolve(ModelRepository.java:172) [org.eclipse.recommenders.models_2.2.0.v20150609-1848.jar:na]
	at org.eclipse.recommenders.internal.models.rcp.EclipseModelRepository.resolve(EclipseModelRepository.java:167) [org.eclipse.recommenders.models.rcp_2.2.0.v20150609-1848.jar:na]
	at org.eclipse.recommenders.internal.models.rcp.DownloadModelArchiveJob.run(DownloadModelArchiveJob.java:76) [org.eclipse.recommenders.models.rcp_2.2.0.v20150609-1848.jar:na]
	at org.eclipse.core.internal.jobs.Worker.run(Worker.java:55) [org.eclipse.core.jobs_3.7.0.v20150330-2103.jar:na]
Caused by: org.eclipse.aether.transfer.ArtifactNotFoundException: Could not find artifact org.eclipse.recommenders:index:zip:0.0.0-SNAPSHOT in models (http://download.eclipse.org/recommenders/models/mars/)
	at org.eclipse.aether.connector.basic.ArtifactTransportListener.transferFailed(ArtifactTransportListener.java:39) ~[org.eclipse.aether.connector.basic_1.0.1.v20141111.jar:na]
	at org.eclipse.aether.connector.basic.BasicRepositoryConnector$TaskRunner.run(BasicRepositoryConnector.java:355) ~[org.eclipse.aether.connector.basic_1.0.1.v20141111.jar:na]
	at org.eclipse.aether.util.concurrency.RunnableErrorForwarder$1.run(RunnableErrorForwarder.java:67) ~[na:na]
	at org.eclipse.aether.connector.basic.BasicRepositoryConnector$DirectExecutor.execute(BasicRepositoryConnector.java:581) ~[org.eclipse.aether.connector.basic_1.0.1.v20141111.jar:na]
	at org.eclipse.aether.connector.basic.BasicRepositoryConnector.get(BasicRepositoryConnector.java:249) ~[org.eclipse.aether.connector.basic_1.0.1.v20141111.jar:na]
	at org.eclipse.aether.internal.impl.DefaultArtifactResolver.performDownloads(DefaultArtifactResolver.java:520) ~[na:na]
	at org.eclipse.aether.internal.impl.DefaultArtifactResolver.resolve(DefaultArtifactResolver.java:421) ~[na:na]
	... 8 common frames omitted
2022-06-08 02:09:46,640 [Worker-35] INFO  o.e.m.c.i.embedder.EclipseLogger - Using 'UTF-8' encoding to copy filtered resources.
2022-06-08 02:09:46,640 [Worker-35] INFO  o.e.m.c.i.embedder.EclipseLogger - Copying 0 resource
2022-06-08 02:09:46,641 [Worker-35] INFO  o.e.m.c.i.embedder.EclipseLogger - Using 'UTF-8' encoding to copy filtered resources.
2022-06-08 02:09:46,641 [Worker-35] INFO  o.e.m.c.i.embedder.EclipseLogger - Copying 0 resource
2022-06-08 02:09:48,694 [Worker-28] INFO  o.e.m.c.i.embedder.EclipseLogger - Using 'UTF-8' encoding to copy filtered resources.
2022-06-08 02:09:48,694 [Worker-28] INFO  o.e.m.c.i.embedder.EclipseLogger - Copying 0 resource
2022-06-08 02:09:48,695 [Worker-28] INFO  o.e.m.c.i.embedder.EclipseLogger - Using 'UTF-8' encoding to copy filtered resources.
2022-06-08 02:09:48,695 [Worker-28] INFO  o.e.m.c.i.embedder.EclipseLogger - Copying 0 resource
2022-06-08 02:09:57,180 [Worker-28] INFO  o.e.m.c.i.embedder.EclipseLogger - Using 'UTF-8' encoding to copy filtered resources.
2022-06-08 02:09:57,181 [Worker-28] INFO  o.e.m.c.i.embedder.EclipseLogger - Copying 0 resource
2022-06-08 02:09:57,182 [Worker-28] INFO  o.e.m.c.i.embedder.EclipseLogger - Using 'UTF-8' encoding to copy filtered resources.
2022-06-08 02:09:57,182 [Worker-28] INFO  o.e.m.c.i.embedder.EclipseLogger - Copying 0 resource
2022-06-08 02:12:23,361 [Worker-47] INFO  o.e.m.c.i.embedder.EclipseLogger - Using 'UTF-8' encoding to copy filtered resources.
2022-06-08 02:12:23,362 [Worker-47] INFO  o.e.m.c.i.embedder.EclipseLogger - Copying 0 resource
2022-06-08 02:12:23,362 [Worker-47] INFO  o.e.m.c.i.embedder.EclipseLogger - Using 'UTF-8' encoding to copy filtered resources.
2022-06-08 02:12:23,363 [Worker-47] INFO  o.e.m.c.i.embedder.EclipseLogger - Copying 0 resource
2022-06-08 02:13:32,916 [Worker-75] INFO  o.e.m.c.i.embedder.EclipseLogger - Using 'UTF-8' encoding to copy filtered resources.
2022-06-08 02:13:32,916 [Worker-75] INFO  o.e.m.c.i.embedder.EclipseLogger - Copying 0 resource
2022-06-08 02:13:32,917 [Worker-75] INFO  o.e.m.c.i.embedder.EclipseLogger - Using 'UTF-8' encoding to copy filtered resources.
2022-06-08 02:13:32,917 [Worker-75] INFO  o.e.m.c.i.embedder.EclipseLogger - Copying 0 resource
2022-06-08 20:34:16,216 [Worker-66] INFO  o.e.m.c.i.embedder.EclipseLogger - Using 'UTF-8' encoding to copy filtered resources.
2022-06-08 20:34:16,224 [Worker-66] INFO  o.e.m.c.i.embedder.EclipseLogger - Copying 0 resource
2022-06-08 20:34:16,226 [Worker-66] INFO  o.e.m.c.i.embedder.EclipseLogger - Using 'UTF-8' encoding to copy filtered resources.
2022-06-08 20:34:16,226 [Worker-66] INFO  o.e.m.c.i.embedder.EclipseLogger - Copying 0 resource
2022-06-08 20:38:44,318 [Worker-67] INFO  o.e.m.c.i.embedder.EclipseLogger - Using 'UTF-8' encoding to copy filtered resources.
2022-06-08 20:38:44,323 [Worker-67] INFO  o.e.m.c.i.embedder.EclipseLogger - Copying 0 resource
2022-06-08 20:38:44,324 [Worker-67] INFO  o.e.m.c.i.embedder.EclipseLogger - Using 'UTF-8' encoding to copy filtered resources.
2022-06-08 20:38:44,324 [Worker-67] INFO  o.e.m.c.i.embedder.EclipseLogger - Copying 0 resource
2022-06-08 20:38:52,260 [Worker-67] INFO  o.e.m.c.i.embedder.EclipseLogger - Using 'UTF-8' encoding to copy filtered resources.
2022-06-08 20:38:52,260 [Worker-67] INFO  o.e.m.c.i.embedder.EclipseLogger - Copying 0 resource
2022-06-08 20:38:52,261 [Worker-67] INFO  o.e.m.c.i.embedder.EclipseLogger - Using 'UTF-8' encoding to copy filtered resources.
2022-06-08 20:38:52,261 [Worker-67] INFO  o.e.m.c.i.embedder.EclipseLogger - Copying 0 resource
2022-06-08 20:40:57,559 [Worker-72] INFO  o.e.m.c.i.embedder.EclipseLogger - Using 'UTF-8' encoding to copy filtered resources.
2022-06-08 20:40:57,560 [Worker-72] INFO  o.e.m.c.i.embedder.EclipseLogger - Copying 1 resource
2022-06-08 20:40:57,568 [Worker-72] INFO  o.e.m.c.i.embedder.EclipseLogger - Using 'UTF-8' encoding to copy filtered resources.
2022-06-08 20:40:57,569 [Worker-72] INFO  o.e.m.c.i.embedder.EclipseLogger - Copying 0 resource
2022-06-08 20:41:09,131 [Worker-63] INFO  o.e.m.c.i.embedder.EclipseLogger - Using 'UTF-8' encoding to copy filtered resources.
2022-06-08 20:41:09,132 [Worker-63] INFO  o.e.m.c.i.embedder.EclipseLogger - Copying 1 resource
2022-06-08 20:41:09,135 [Worker-63] INFO  o.e.m.c.i.embedder.EclipseLogger - Using 'UTF-8' encoding to copy filtered resources.
2022-06-08 20:41:09,135 [Worker-63] INFO  o.e.m.c.i.embedder.EclipseLogger - Copying 0 resource
2022-06-08 20:41:40,278 [Worker-75] INFO  o.e.m.c.i.embedder.EclipseLogger - Using 'UTF-8' encoding to copy filtered resources.
2022-06-08 20:41:40,278 [Worker-75] INFO  o.e.m.c.i.embedder.EclipseLogger - Copying 0 resource
2022-06-08 20:41:40,279 [Worker-75] INFO  o.e.m.c.i.embedder.EclipseLogger - Using 'UTF-8' encoding to copy filtered resources.
2022-06-08 20:41:40,279 [Worker-75] INFO  o.e.m.c.i.embedder.EclipseLogger - Copying 0 resource
2022-06-08 20:42:37,141 [Worker-71] INFO  o.e.m.c.i.embedder.EclipseLogger - Using 'UTF-8' encoding to copy filtered resources.
2022-06-08 20:42:37,141 [Worker-71] INFO  o.e.m.c.i.embedder.EclipseLogger - Copying 1 resource
2022-06-08 20:42:37,144 [Worker-71] INFO  o.e.m.c.i.embedder.EclipseLogger - Using 'UTF-8' encoding to copy filtered resources.
2022-06-08 20:42:37,145 [Worker-71] INFO  o.e.m.c.i.embedder.EclipseLogger - Copying 0 resource
2022-06-08 20:43:43,409 [Worker-76] INFO  o.e.m.c.i.embedder.EclipseLogger - Using 'UTF-8' encoding to copy filtered resources.
2022-06-08 20:43:43,410 [Worker-76] INFO  o.e.m.c.i.embedder.EclipseLogger - Copying 1 resource
2022-06-08 20:43:43,413 [Worker-76] INFO  o.e.m.c.i.embedder.EclipseLogger - Using 'UTF-8' encoding to copy filtered resources.
2022-06-08 20:43:43,413 [Worker-76] INFO  o.e.m.c.i.embedder.EclipseLogger - Copying 0 resource
2022-06-08 20:45:22,568 [Worker-73] INFO  o.e.m.c.i.embedder.EclipseLogger - Using 'UTF-8' encoding to copy filtered resources.
2022-06-08 20:45:22,568 [Worker-73] INFO  o.e.m.c.i.embedder.EclipseLogger - Copying 0 resource
2022-06-08 20:45:22,569 [Worker-73] INFO  o.e.m.c.i.embedder.EclipseLogger - Using 'UTF-8' encoding to copy filtered resources.
2022-06-08 20:45:22,569 [Worker-73] INFO  o.e.m.c.i.embedder.EclipseLogger - Copying 0 resource
2022-06-08 20:45:39,035 [Worker-63] INFO  o.e.m.c.i.embedder.EclipseLogger - Using 'UTF-8' encoding to copy filtered resources.
2022-06-08 20:45:39,035 [Worker-63] INFO  o.e.m.c.i.embedder.EclipseLogger - Copying 1 resource
2022-06-08 20:45:39,038 [Worker-63] INFO  o.e.m.c.i.embedder.EclipseLogger - Using 'UTF-8' encoding to copy filtered resources.
2022-06-08 20:45:39,038 [Worker-63] INFO  o.e.m.c.i.embedder.EclipseLogger - Copying 0 resource
2022-06-08 20:49:39,760 [Worker-74] INFO  o.e.m.c.i.embedder.EclipseLogger - Using 'UTF-8' encoding to copy filtered resources.
2022-06-08 20:49:39,760 [Worker-74] INFO  o.e.m.c.i.embedder.EclipseLogger - Copying 1 resource
2022-06-08 20:49:39,762 [Worker-74] INFO  o.e.m.c.i.embedder.EclipseLogger - Using 'UTF-8' encoding to copy filtered resources.
2022-06-08 20:49:39,762 [Worker-74] INFO  o.e.m.c.i.embedder.EclipseLogger - Copying 0 resource
2022-06-08 20:53:50,885 [Worker-80] INFO  o.e.m.c.i.embedder.EclipseLogger - Using 'UTF-8' encoding to copy filtered resources.
2022-06-08 20:53:50,886 [Worker-80] INFO  o.e.m.c.i.embedder.EclipseLogger - Copying 1 resource
2022-06-08 20:53:50,888 [Worker-80] INFO  o.e.m.c.i.embedder.EclipseLogger - Using 'UTF-8' encoding to copy filtered resources.
2022-06-08 20:53:50,888 [Worker-80] INFO  o.e.m.c.i.embedder.EclipseLogger - Copying 0 resource
2022-06-08 20:55:32,416 [Worker-84] INFO  o.e.m.c.i.embedder.EclipseLogger - Using 'UTF-8' encoding to copy filtered resources.
2022-06-08 20:55:32,417 [Worker-84] INFO  o.e.m.c.i.embedder.EclipseLogger - Copying 1 resource
2022-06-08 20:55:32,424 [Worker-84] INFO  o.e.m.c.i.embedder.EclipseLogger - Using 'UTF-8' encoding to copy filtered resources.
2022-06-08 20:55:32,424 [Worker-84] INFO  o.e.m.c.i.embedder.EclipseLogger - Copying 0 resource
2022-06-08 20:56:08,961 [Worker-83] INFO  o.e.m.c.i.embedder.EclipseLogger - Using 'UTF-8' encoding to copy filtered resources.
2022-06-08 20:56:08,962 [Worker-83] INFO  o.e.m.c.i.embedder.EclipseLogger - Copying 1 resource
2022-06-08 20:56:08,965 [Worker-83] INFO  o.e.m.c.i.embedder.EclipseLogger - Using 'UTF-8' encoding to copy filtered resources.
2022-06-08 20:56:08,965 [Worker-83] INFO  o.e.m.c.i.embedder.EclipseLogger - Copying 0 resource
